<?xml version="1.0" encoding="UTF-8"?>
<!-- Generated by org.testng.reporters.JUnitXMLReporter -->
<testsuite hostname="LAPTOP-SBEPK27H" ignored="0" name="Test" tests="6" failures="0" timestamp="2021-07-27T21:00:50 IST" time="2.5" errors="0">
  <testcase name="@BeforeMethod preCondition" time="-1.627399848317E9" classname="week5.day1.TestNGbaseclass">
    <failure type="org.testng.TestNGException" message="
Parameter &amp;apos;url&amp;apos; is required by BeforeMethod on method preCondition but has not been marked @Optional or defined
in C:\Learnselenium\testng.xml">
      <![CDATA[org.testng.TestNGException: 
Parameter 'url' is required by BeforeMethod on method preCondition but has not been marked @Optional or defined
in C:\Learnselenium\testng.xml
at java.util.ArrayList.forEach(Unknown Source)
... Removed 28 stack frames]]>
    </failure>
  </testcase> <!-- @BeforeMethod preCondition -->
  <testcase name="@AfterMethod postcondition" time="-1.627399848362E9" classname="week5.day1.TestNGbaseclass">
    <skipped/>
  </testcase> <!-- @AfterMethod postcondition -->
  <testcase name="@BeforeMethod preCondition" time="-1.627399848367E9" classname="week5.day1.TestNGbaseclass">
    <skipped/>
  </testcase> <!-- @BeforeMethod preCondition -->
  <testcase name="@AfterMethod postcondition" time="-1.627399848378E9" classname="week5.day1.TestNGbaseclass">
    <skipped/>
  </testcase> <!-- @AfterMethod postcondition -->
  <testcase name="@BeforeMethod preCondition" time="-1.627399848382E9" classname="week5.day1.TestNGbaseclass">
    <skipped/>
  </testcase> <!-- @BeforeMethod preCondition -->
  <testcase name="@AfterMethod postcondition" time="-1.627399848394E9" classname="week5.day1.TestNGbaseclass">
    <skipped/>
  </testcase> <!-- @AfterMethod postcondition -->
  <testcase name="@BeforeMethod preCondition" time="-1.627399848396E9" classname="week5.day1.TestNGbaseclass">
    <skipped/>
  </testcase> <!-- @BeforeMethod preCondition -->
  <testcase name="@AfterMethod postcondition" time="-1.627399848404E9" classname="week5.day1.TestNGbaseclass">
    <skipped/>
  </testcase> <!-- @AfterMethod postcondition -->
  <testcase name="@BeforeMethod preCondition" time="-1.627399848406E9" classname="week5.day1.TestNGbaseclass">
    <skipped/>
  </testcase> <!-- @BeforeMethod preCondition -->
  <testcase name="@AfterMethod postcondition" time="-1.62739984841E9" classname="week5.day1.TestNGbaseclass">
    <skipped/>
  </testcase> <!-- @AfterMethod postcondition -->
  <testcase name="@BeforeMethod preCondition" time="-1.627399850581E9" classname="week5.day1.TestNGbaseclass">
    <failure type="org.testng.TestNGException" message="
Parameter &amp;apos;url&amp;apos; is required by BeforeMethod on method preCondition but has not been marked @Optional or defined
in C:\Learnselenium\testng.xml">
      <![CDATA[org.testng.TestNGException: 
Parameter 'url' is required by BeforeMethod on method preCondition but has not been marked @Optional or defined
in C:\Learnselenium\testng.xml
at java.util.ArrayList.forEach(Unknown Source)
... Removed 28 stack frames]]>
    </failure>
  </testcase> <!-- @BeforeMethod preCondition -->
  <testcase name="@AfterMethod postcondition" time="-1.627399850722E9" classname="week5.day1.TestNGbaseclass">
    <skipped/>
  </testcase> <!-- @AfterMethod postcondition -->
  <testcase name="runDeletelead" time="0.0" classname="testcase.DeleteLead">
    <skipped/>
  </testcase> <!-- runDeletelead -->
  <testcase name="runDeletelead" time="0.0" classname="testcase.DeleteLead">
    <skipped/>
  </testcase> <!-- runDeletelead -->
  <testcase name="runDeletelead" time="0.0" classname="testcase.DeleteLead">
    <skipped/>
  </testcase> <!-- runDeletelead -->
  <testcase name="runDeletelead" time="0.0" classname="testcase.DeleteLead">
    <skipped/>
  </testcase> <!-- runDeletelead -->
  <testcase name="runDeletelead" time="0.0" classname="testcase.DeleteLead">
    <skipped/>
  </testcase> <!-- runDeletelead -->
  <testcase name="runCreatelead" time="0.0" classname="testcase.CreateLead">
    <skipped/>
  </testcase> <!-- runCreatelead -->
</testsuite> <!-- Test -->
